This file contains any messages produced by compilers while
running configure, to aid debugging if configure makes a mistake.

It was created by configure, which was
generated by GNU Autoconf 2.61.  Invocation command line was

  $ ./configure 

## --------- ##
## Platform. ##
## --------- ##

hostname = zinquinho
uname -m = x86_64
uname -r = 3.2.0-4-amd64
uname -s = Linux
uname -v = #1 SMP Debian 3.2.63-2+deb7u1

/usr/bin/uname -p = unknown
/bin/uname -X     = unknown

/bin/arch              = unknown
/usr/bin/arch -k       = unknown
/usr/convex/getsysinfo = unknown
/usr/bin/hostinfo      = unknown
/bin/machine           = unknown
/usr/bin/oslevel       = unknown
/bin/universe          = unknown

PATH: /usr/local/bin
PATH: /usr/bin
PATH: /bin
PATH: /usr/local/games
PATH: /usr/games


## ----------- ##
## Core tests. ##
## ----------- ##

configure:1724: checking for a BSD-compatible install
configure:1780: result: /usr/bin/install -c
configure:1791: checking whether build environment is sane
configure:1834: result: yes
configure:1862: checking for a thread-safe mkdir -p
configure:1901: result: /bin/mkdir -p
configure:1914: checking for gawk
configure:1930: found /usr/bin/gawk
configure:1941: result: gawk
configure:1952: checking whether make sets $(MAKE)
configure:1973: result: yes
configure:2219: checking for g++
configure:2235: found /usr/bin/g++
configure:2246: result: g++
configure:2277: checking for C++ compiler version
configure:2284: g++ --version >&5
g++ (Debian 4.7.2-5) 4.7.2
Copyright (C) 2012 Free Software Foundation, Inc.
This is free software; see the source for copying conditions.  There is NO
warranty; not even for MERCHANTABILITY or FITNESS FOR A PARTICULAR PURPOSE.

configure:2287: $? = 0
configure:2294: g++ -v >&5
Using built-in specs.
COLLECT_GCC=g++
COLLECT_LTO_WRAPPER=/usr/lib/gcc/x86_64-linux-gnu/4.7/lto-wrapper
Target: x86_64-linux-gnu
Configured with: ../src/configure -v --with-pkgversion='Debian 4.7.2-5' --with-bugurl=file:///usr/share/doc/gcc-4.7/README.Bugs --enable-languages=c,c++,go,fortran,objc,obj-c++ --prefix=/usr --program-suffix=-4.7 --enable-shared --enable-linker-build-id --with-system-zlib --libexecdir=/usr/lib --without-included-gettext --enable-threads=posix --with-gxx-include-dir=/usr/include/c++/4.7 --libdir=/usr/lib --enable-nls --with-sysroot=/ --enable-clocale=gnu --enable-libstdcxx-debug --enable-libstdcxx-time=yes --enable-gnu-unique-object --enable-plugin --enable-objc-gc --with-arch-32=i586 --with-tune=generic --enable-checking=release --build=x86_64-linux-gnu --host=x86_64-linux-gnu --target=x86_64-linux-gnu
Thread model: posix
gcc version 4.7.2 (Debian 4.7.2-5) 
configure:2297: $? = 0
configure:2304: g++ -V >&5
g++: error: unrecognized command line option '-V'
g++: fatal error: no input files
compilation terminated.
configure:2307: $? = 4
configure:2330: checking for C++ compiler default output file name
configure:2357: g++    conftest.cpp  >&5
configure:2360: $? = 0
configure:2398: result: a.out
configure:2415: checking whether the C++ compiler works
configure:2425: ./a.out
configure:2428: $? = 0
configure:2445: result: yes
configure:2452: checking whether we are cross compiling
configure:2454: result: no
configure:2457: checking for suffix of executables
configure:2464: g++ -o conftest    conftest.cpp  >&5
configure:2467: $? = 0
configure:2491: result: 
configure:2497: checking for suffix of object files
configure:2523: g++ -c   conftest.cpp >&5
configure:2526: $? = 0
configure:2549: result: o
configure:2553: checking whether we are using the GNU C++ compiler
configure:2582: g++ -c   conftest.cpp >&5
configure:2588: $? = 0
configure:2605: result: yes
configure:2610: checking whether g++ accepts -g
configure:2640: g++ -c -g  conftest.cpp >&5
configure:2646: $? = 0
configure:2745: result: yes
configure:2779: checking for style of include used by make
configure:2807: result: GNU
configure:2832: checking dependency style of g++
configure:2923: result: gcc3
configure:2957: checking for a BSD-compatible install
configure:3013: result: /usr/bin/install -c
configure:3070: checking for ranlib
configure:3086: found /usr/bin/ranlib
configure:3097: result: ranlib
configure:3123: checking whether make sets $(MAKE)
configure:3144: result: yes
configure:3169: checking for wx-config
configure:3187: found /usr/bin/wx-config
configure:3200: result: /usr/bin/wx-config
configure:3216: checking wxWindows version
configure:3219: result: 2.8.12
configure:3237: checking whether we will use SVG
configure:3245: result: yes
configure:3258: checking for main in -lwx_gtk2u_svg-2.8
configure:3287: g++ -o conftest -g -O2 -Wno-deprecated -I/usr/lib/x86_64-linux-gnu/wx/include/gtk2-unicode-release-2.8 -I/usr/include/wx-2.8 -D_FILE_OFFSET_BITS=64 -D_LARGE_FILES -D__WXGTK__ -pthread -DUSE_WXWINDOWS   conftest.cpp -lwx_gtk2u_svg-2.8   -L/usr/lib/x86_64-linux-gnu -pthread   -L/usr/lib/x86_64-linux-gnu   -lwx_gtk2u_richtext-2.8 -lwx_gtk2u_aui-2.8 -lwx_gtk2u_xrc-2.8 -lwx_gtk2u_qa-2.8 -lwx_gtk2u_html-2.8 -lwx_gtk2u_adv-2.8 -lwx_gtk2u_core-2.8 -lwx_baseu_xml-2.8 -lwx_baseu_net-2.8 -lwx_baseu-2.8  >&5
configure:3293: $? = 0
configure:3312: result: yes
configure:3487: creating ./config.status

## ---------------------- ##
## Running config.status. ##
## ---------------------- ##

This file was extended by config.status, which was
generated by GNU Autoconf 2.61.  Invocation command line was

  CONFIG_FILES    = 
  CONFIG_HEADERS  = 
  CONFIG_LINKS    = 
  CONFIG_COMMANDS = 
  $ ./config.status 

on zinquinho

config.status:623: creating Makefile
config.status:623: creating ncl-2.0/Makefile
config.status:623: creating ncl-2.0/src/Makefile
config.status:623: creating TreeLib/Makefile
config.status:623: creating tv.spec
config.status:814: executing depfiles commands

## ---------------- ##
## Cache variables. ##
## ---------------- ##

ac_cv_cxx_compiler_gnu=yes
ac_cv_env_CCC_set=
ac_cv_env_CCC_value=
ac_cv_env_CPPFLAGS_set=
ac_cv_env_CPPFLAGS_value=
ac_cv_env_CXXFLAGS_set=
ac_cv_env_CXXFLAGS_value=
ac_cv_env_CXX_set=
ac_cv_env_CXX_value=
ac_cv_env_LDFLAGS_set=
ac_cv_env_LDFLAGS_value=
ac_cv_env_LIBS_set=
ac_cv_env_LIBS_value=
ac_cv_env_build_alias_set=
ac_cv_env_build_alias_value=
ac_cv_env_host_alias_set=
ac_cv_env_host_alias_value=
ac_cv_env_target_alias_set=
ac_cv_env_target_alias_value=
ac_cv_lib_wx_gtk2u_svg_2_8___main=yes
ac_cv_objext=o
ac_cv_path_WX_CONFIG=/usr/bin/wx-config
ac_cv_path_install='/usr/bin/install -c'
ac_cv_path_mkdir=/bin/mkdir
ac_cv_prog_AWK=gawk
ac_cv_prog_ac_ct_CXX=g++
ac_cv_prog_ac_ct_RANLIB=ranlib
ac_cv_prog_cxx_g=yes
ac_cv_prog_make_make_set=yes
am_cv_CXX_dependencies_compiler_type=gcc3

## ----------------- ##
## Output variables. ##
## ----------------- ##

ACLOCAL='${SHELL} /home/fabiorjvieira/Downloads/tmp/tv-0.5/missing --run aclocal-1.10'
AMDEPBACKSLASH='\'
AMDEP_FALSE='#'
AMDEP_TRUE=''
AMTAR='${SHELL} /home/fabiorjvieira/Downloads/tmp/tv-0.5/missing --run tar'
AUTOCONF='${SHELL} /home/fabiorjvieira/Downloads/tmp/tv-0.5/missing --run autoconf'
AUTOHEADER='${SHELL} /home/fabiorjvieira/Downloads/tmp/tv-0.5/missing --run autoheader'
AUTOMAKE='${SHELL} /home/fabiorjvieira/Downloads/tmp/tv-0.5/missing --run automake-1.10'
AWK='gawk'
CPPFLAGS=''
CXX='g++'
CXXDEPMODE='depmode=gcc3'
CXXFLAGS='-g -O2 -Wno-deprecated -I/usr/lib/x86_64-linux-gnu/wx/include/gtk2-unicode-release-2.8 -I/usr/include/wx-2.8 -D_FILE_OFFSET_BITS=64 -D_LARGE_FILES -D__WXGTK__ -pthread -DUSE_WXWINDOWS -DUSE_SVG'
CYGPATH_W='echo'
DEFS='-DPACKAGE_NAME=\"\" -DPACKAGE_TARNAME=\"\" -DPACKAGE_VERSION=\"\" -DPACKAGE_STRING=\"\" -DPACKAGE_BUGREPORT=\"\" -DPACKAGE=\"tv\" -DVERSION=\"0.5\" -DHAVE_LIBWX_GTK2U_SVG_2_8=1'
DEPDIR='.deps'
ECHO_C=''
ECHO_N='-n'
ECHO_T=''
ENT_FALSE=''
ENT_TRUE='#'
EXEEXT=''
INSTALL_DATA='${INSTALL} -m 644'
INSTALL_PROGRAM='${INSTALL}'
INSTALL_SCRIPT='${INSTALL}'
INSTALL_STRIP_PROGRAM='$(install_sh) -c -s'
LDFLAGS=''
LIBOBJS=''
LIBS='-lwx_gtk2u_svg-2.8  -L/usr/lib/x86_64-linux-gnu -pthread   -L/usr/lib/x86_64-linux-gnu   -lwx_gtk2u_richtext-2.8 -lwx_gtk2u_aui-2.8 -lwx_gtk2u_xrc-2.8 -lwx_gtk2u_qa-2.8 -lwx_gtk2u_html-2.8 -lwx_gtk2u_adv-2.8 -lwx_gtk2u_core-2.8 -lwx_baseu_xml-2.8 -lwx_baseu_net-2.8 -lwx_baseu-2.8  -lwx_gtk2u_svg-2.8'
LTLIBOBJS=''
MAKEINFO='${SHELL} /home/fabiorjvieira/Downloads/tmp/tv-0.5/missing --run makeinfo'
OBJEXT='o'
PACKAGE='tv'
PACKAGE_BUGREPORT=''
PACKAGE_NAME=''
PACKAGE_STRING=''
PACKAGE_TARNAME=''
PACKAGE_VERSION=''
PATH_SEPARATOR=':'
RANLIB='ranlib'
SET_MAKE=''
SHELL='/bin/bash'
STRIP=''
VERSION='0.5'
WX_CONFIG='/usr/bin/wx-config'
ac_ct_CXX='g++'
am__fastdepCXX_FALSE='#'
am__fastdepCXX_TRUE=''
am__include='include'
am__isrc=''
am__leading_dot='.'
am__quote=''
am__tar='${AMTAR} chof - "$$tardir"'
am__untar='${AMTAR} xf -'
bindir='${exec_prefix}/bin'
build_alias=''
datadir='${datarootdir}'
datarootdir='${prefix}/share'
docdir='${datarootdir}/doc/${PACKAGE}'
dvidir='${docdir}'
exec_prefix='${prefix}'
host_alias=''
htmldir='${docdir}'
includedir='${prefix}/include'
infodir='${datarootdir}/info'
install_sh='$(SHELL) /home/fabiorjvieira/Downloads/tmp/tv-0.5/install-sh'
libdir='${exec_prefix}/lib'
libexecdir='${exec_prefix}/libexec'
localedir='${datarootdir}/locale'
localstatedir='${prefix}/var'
mandir='${datarootdir}/man'
mkdir_p='/bin/mkdir -p'
oldincludedir='/usr/include'
pdfdir='${docdir}'
prefix='/usr/local'
program_transform_name='s,x,x,'
psdir='${docdir}'
sbindir='${exec_prefix}/sbin'
sharedstatedir='${prefix}/com'
sysconfdir='${prefix}/etc'
target_alias=''

## ----------- ##
## confdefs.h. ##
## ----------- ##

#define PACKAGE_NAME ""
#define PACKAGE_TARNAME ""
#define PACKAGE_VERSION ""
#define PACKAGE_STRING ""
#define PACKAGE_BUGREPORT ""
#define PACKAGE "tv"
#define VERSION "0.5"
#define HAVE_LIBWX_GTK2U_SVG_2_8 1

configure: exit 0
