This file contains any messages produced by compilers while
running configure, to aid debugging if configure makes a mistake.

It was created by configure, which was
generated by GNU Autoconf 2.61.  Invocation command line was

  $ ./configure --prefix=/home/witold/GTL/

## --------- ##
## Platform. ##
## --------- ##

hostname = witold-Lenovo-ideapad-330-15ICH
uname -m = x86_64
uname -r = 4.15.0-70-generic
uname -s = Linux
uname -v = #79-Ubuntu SMP Tue Nov 12 10:36:11 UTC 2019

/usr/bin/uname -p = unknown
/bin/uname -X     = unknown

/bin/arch              = unknown
/usr/bin/arch -k       = unknown
/usr/convex/getsysinfo = unknown
/usr/bin/hostinfo      = unknown
/bin/machine           = unknown
/usr/bin/oslevel       = unknown
/bin/universe          = unknown

PATH: /home/witold/.local/bin
PATH: /home/witold/bin
PATH: /usr/local/sbin
PATH: /usr/local/bin
PATH: /usr/sbin
PATH: /usr/bin
PATH: /sbin
PATH: /bin
PATH: /usr/games
PATH: /usr/local/games
PATH: /snap/bin


## ----------- ##
## Core tests. ##
## ----------- ##

configure:2023: checking for a BSD-compatible install
configure:2079: result: /usr/bin/install -c
configure:2090: checking whether build environment is sane
configure:2133: result: yes
configure:2161: checking for a thread-safe mkdir -p
configure:2200: result: /bin/mkdir -p
configure:2213: checking for gawk
configure:2243: result: no
configure:2213: checking for mawk
configure:2229: found /usr/bin/mawk
configure:2240: result: mawk
configure:2251: checking whether make sets $(MAKE)
configure:2272: result: yes
configure:2521: checking for g++
configure:2537: found /usr/bin/g++
configure:2548: result: g++
configure:2579: checking for C++ compiler version
configure:2586: g++ --version >&5
g++ (Ubuntu 7.4.0-1ubuntu1~18.04.1) 7.4.0
Copyright (C) 2017 Free Software Foundation, Inc.
This is free software; see the source for copying conditions.  There is NO
warranty; not even for MERCHANTABILITY or FITNESS FOR A PARTICULAR PURPOSE.

configure:2589: $? = 0
configure:2596: g++ -v >&5
Using built-in specs.
COLLECT_GCC=g++
COLLECT_LTO_WRAPPER=/usr/lib/gcc/x86_64-linux-gnu/7/lto-wrapper
OFFLOAD_TARGET_NAMES=nvptx-none
OFFLOAD_TARGET_DEFAULT=1
Target: x86_64-linux-gnu
Configured with: ../src/configure -v --with-pkgversion='Ubuntu 7.4.0-1ubuntu1~18.04.1' --with-bugurl=file:///usr/share/doc/gcc-7/README.Bugs --enable-languages=c,ada,c++,go,brig,d,fortran,objc,obj-c++ --prefix=/usr --with-gcc-major-version-only --program-suffix=-7 --program-prefix=x86_64-linux-gnu- --enable-shared --enable-linker-build-id --libexecdir=/usr/lib --without-included-gettext --enable-threads=posix --libdir=/usr/lib --enable-nls --with-sysroot=/ --enable-clocale=gnu --enable-libstdcxx-debug --enable-libstdcxx-time=yes --with-default-libstdcxx-abi=new --enable-gnu-unique-object --disable-vtable-verify --enable-libmpx --enable-plugin --enable-default-pie --with-system-zlib --with-target-system-zlib --enable-objc-gc=auto --enable-multiarch --disable-werror --with-arch-32=i686 --with-abi=m64 --with-multilib-list=m32,m64,mx32 --enable-multilib --with-tune=generic --enable-offload-targets=nvptx-none --without-cuda-driver --enable-checking=release --build=x86_64-linux-gnu --host=x86_64-linux-gnu --target=x86_64-linux-gnu
Thread model: posix
gcc version 7.4.0 (Ubuntu 7.4.0-1ubuntu1~18.04.1) 
configure:2599: $? = 0
configure:2606: g++ -V >&5
g++: error: unrecognized command line option '-V'
g++: fatal error: no input files
compilation terminated.
configure:2609: $? = 1
configure:2632: checking for C++ compiler default output file name
configure:2659: g++    conftest.cpp  >&5
configure:2662: $? = 0
configure:2700: result: a.out
configure:2717: checking whether the C++ compiler works
configure:2727: ./a.out
configure:2730: $? = 0
configure:2747: result: yes
configure:2754: checking whether we are cross compiling
configure:2756: result: no
configure:2759: checking for suffix of executables
configure:2766: g++ -o conftest    conftest.cpp  >&5
configure:2769: $? = 0
configure:2793: result: 
configure:2799: checking for suffix of object files
configure:2825: g++ -c   conftest.cpp >&5
configure:2828: $? = 0
configure:2851: result: o
configure:2855: checking whether we are using the GNU C++ compiler
configure:2884: g++ -c   conftest.cpp >&5
configure:2890: $? = 0
configure:2907: result: yes
configure:2912: checking whether g++ accepts -g
configure:2942: g++ -c -g  conftest.cpp >&5
configure:2948: $? = 0
configure:3047: result: yes
configure:3081: checking for style of include used by make
configure:3109: result: GNU
configure:3134: checking dependency style of g++
configure:3225: result: gcc3
configure:3325: checking build system type
configure:3343: result: x86_64-unknown-linux-gnu
configure:3365: checking host system type
configure:3380: result: x86_64-unknown-linux-gnu
configure:3450: checking for gcc
configure:3466: found /usr/bin/gcc
configure:3477: result: gcc
configure:3715: checking for C compiler version
configure:3722: gcc --version >&5
gcc (Ubuntu 7.4.0-1ubuntu1~18.04.1) 7.4.0
Copyright (C) 2017 Free Software Foundation, Inc.
This is free software; see the source for copying conditions.  There is NO
warranty; not even for MERCHANTABILITY or FITNESS FOR A PARTICULAR PURPOSE.

configure:3725: $? = 0
configure:3732: gcc -v >&5
Using built-in specs.
COLLECT_GCC=gcc
COLLECT_LTO_WRAPPER=/usr/lib/gcc/x86_64-linux-gnu/7/lto-wrapper
OFFLOAD_TARGET_NAMES=nvptx-none
OFFLOAD_TARGET_DEFAULT=1
Target: x86_64-linux-gnu
Configured with: ../src/configure -v --with-pkgversion='Ubuntu 7.4.0-1ubuntu1~18.04.1' --with-bugurl=file:///usr/share/doc/gcc-7/README.Bugs --enable-languages=c,ada,c++,go,brig,d,fortran,objc,obj-c++ --prefix=/usr --with-gcc-major-version-only --program-suffix=-7 --program-prefix=x86_64-linux-gnu- --enable-shared --enable-linker-build-id --libexecdir=/usr/lib --without-included-gettext --enable-threads=posix --libdir=/usr/lib --enable-nls --with-sysroot=/ --enable-clocale=gnu --enable-libstdcxx-debug --enable-libstdcxx-time=yes --with-default-libstdcxx-abi=new --enable-gnu-unique-object --disable-vtable-verify --enable-libmpx --enable-plugin --enable-default-pie --with-system-zlib --with-target-system-zlib --enable-objc-gc=auto --enable-multiarch --disable-werror --with-arch-32=i686 --with-abi=m64 --with-multilib-list=m32,m64,mx32 --enable-multilib --with-tune=generic --enable-offload-targets=nvptx-none --without-cuda-driver --enable-checking=release --build=x86_64-linux-gnu --host=x86_64-linux-gnu --target=x86_64-linux-gnu
Thread model: posix
gcc version 7.4.0 (Ubuntu 7.4.0-1ubuntu1~18.04.1) 
configure:3735: $? = 0
configure:3742: gcc -V >&5
gcc: error: unrecognized command line option '-V'
gcc: fatal error: no input files
compilation terminated.
configure:3745: $? = 1
configure:3748: checking whether we are using the GNU C compiler
configure:3777: gcc -c   conftest.c >&5
configure:3783: $? = 0
configure:3800: result: yes
configure:3805: checking whether gcc accepts -g
configure:3835: gcc -c -g  conftest.c >&5
configure:3841: $? = 0
configure:3940: result: yes
configure:3957: checking for gcc option to accept ISO C89
configure:4031: gcc  -c -g -O2  conftest.c >&5
configure:4037: $? = 0
configure:4060: result: none needed
configure:4080: checking dependency style of gcc
configure:4171: result: gcc3
configure:4186: checking for a sed that does not truncate output
configure:4242: result: /bin/sed
configure:4245: checking for grep that handles long lines and -e
configure:4319: result: /bin/grep
configure:4324: checking for egrep
configure:4402: result: /bin/grep -E
configure:4418: checking for ld used by gcc
configure:4485: result: /usr/bin/ld
configure:4494: checking if the linker (/usr/bin/ld) is GNU ld
configure:4509: result: yes
configure:4514: checking for /usr/bin/ld option to reload object files
configure:4521: result: -r
configure:4539: checking for BSD-compatible nm
configure:4588: result: /usr/bin/nm -B
configure:4592: checking whether ln -s works
configure:4596: result: yes
configure:4603: checking how to recognize dependent libraries
configure:4789: result: pass_all
configure:4878: g++ -c -g -O2  conftest.cpp >&5
configure:4881: $? = 0
configure:5030: checking how to run the C preprocessor
configure:5070: gcc -E  conftest.c
configure:5076: $? = 0
configure:5107: gcc -E  conftest.c
conftest.c:13:10: fatal error: ac_nonexistent.h: No such file or directory
 #include <ac_nonexistent.h>
          ^~~~~~~~~~~~~~~~~~
compilation terminated.
configure:5113: $? = 1
configure: failed program was:
| /* confdefs.h.  */
| #define PACKAGE_NAME ""
| #define PACKAGE_TARNAME ""
| #define PACKAGE_VERSION ""
| #define PACKAGE_STRING ""
| #define PACKAGE_BUGREPORT ""
| #define GENERIC_MAJOR_VERSION 1
| #define GENERIC_MINOR_VERSION 2
| #define GENERIC_MICRO_VERSION 4
| #define PACKAGE "GTL"
| #define VERSION "1.2.4"
| /* end confdefs.h.  */
| #include <ac_nonexistent.h>
configure:5146: result: gcc -E
configure:5175: gcc -E  conftest.c
configure:5181: $? = 0
configure:5212: gcc -E  conftest.c
conftest.c:13:10: fatal error: ac_nonexistent.h: No such file or directory
 #include <ac_nonexistent.h>
          ^~~~~~~~~~~~~~~~~~
compilation terminated.
configure:5218: $? = 1
configure: failed program was:
| /* confdefs.h.  */
| #define PACKAGE_NAME ""
| #define PACKAGE_TARNAME ""
| #define PACKAGE_VERSION ""
| #define PACKAGE_STRING ""
| #define PACKAGE_BUGREPORT ""
| #define GENERIC_MAJOR_VERSION 1
| #define GENERIC_MINOR_VERSION 2
| #define GENERIC_MICRO_VERSION 4
| #define PACKAGE "GTL"
| #define VERSION "1.2.4"
| /* end confdefs.h.  */
| #include <ac_nonexistent.h>
configure:5256: checking for ANSI C header files
configure:5286: gcc -c -g -O2  conftest.c >&5
configure:5292: $? = 0
configure:5391: gcc -o conftest -g -O2   conftest.c  >&5
configure:5394: $? = 0
configure:5400: ./conftest
configure:5403: $? = 0
configure:5420: result: yes
configure:5444: checking for sys/types.h
configure:5465: gcc -c -g -O2  conftest.c >&5
configure:5471: $? = 0
configure:5487: result: yes
configure:5444: checking for sys/stat.h
configure:5465: gcc -c -g -O2  conftest.c >&5
configure:5471: $? = 0
configure:5487: result: yes
configure:5444: checking for stdlib.h
configure:5465: gcc -c -g -O2  conftest.c >&5
configure:5471: $? = 0
configure:5487: result: yes
configure:5444: checking for string.h
configure:5465: gcc -c -g -O2  conftest.c >&5
configure:5471: $? = 0
configure:5487: result: yes
configure:5444: checking for memory.h
configure:5465: gcc -c -g -O2  conftest.c >&5
configure:5471: $? = 0
configure:5487: result: yes
configure:5444: checking for strings.h
configure:5465: gcc -c -g -O2  conftest.c >&5
configure:5471: $? = 0
configure:5487: result: yes
configure:5444: checking for inttypes.h
configure:5465: gcc -c -g -O2  conftest.c >&5
configure:5471: $? = 0
configure:5487: result: yes
configure:5444: checking for stdint.h
configure:5465: gcc -c -g -O2  conftest.c >&5
configure:5471: $? = 0
configure:5487: result: yes
configure:5444: checking for unistd.h
configure:5465: gcc -c -g -O2  conftest.c >&5
configure:5471: $? = 0
configure:5487: result: yes
configure:5514: checking dlfcn.h usability
configure:5531: gcc -c -g -O2  conftest.c >&5
configure:5537: $? = 0
configure:5551: result: yes
configure:5555: checking dlfcn.h presence
configure:5570: gcc -E  conftest.c
configure:5576: $? = 0
configure:5590: result: yes
configure:5618: checking for dlfcn.h
configure:5626: result: yes
configure:5649: checking how to run the C++ preprocessor
configure:5685: g++ -E  conftest.cpp
configure:5691: $? = 0
configure:5722: g++ -E  conftest.cpp
conftest.cpp:24:10: fatal error: ac_nonexistent.h: No such file or directory
 #include <ac_nonexistent.h>
          ^~~~~~~~~~~~~~~~~~
compilation terminated.
configure:5728: $? = 1
configure: failed program was:
| /* confdefs.h.  */
| #define PACKAGE_NAME ""
| #define PACKAGE_TARNAME ""
| #define PACKAGE_VERSION ""
| #define PACKAGE_STRING ""
| #define PACKAGE_BUGREPORT ""
| #define GENERIC_MAJOR_VERSION 1
| #define GENERIC_MINOR_VERSION 2
| #define GENERIC_MICRO_VERSION 4
| #define PACKAGE "GTL"
| #define VERSION "1.2.4"
| #define STDC_HEADERS 1
| #define HAVE_SYS_TYPES_H 1
| #define HAVE_SYS_STAT_H 1
| #define HAVE_STDLIB_H 1
| #define HAVE_STRING_H 1
| #define HAVE_MEMORY_H 1
| #define HAVE_STRINGS_H 1
| #define HAVE_INTTYPES_H 1
| #define HAVE_STDINT_H 1
| #define HAVE_UNISTD_H 1
| #define HAVE_DLFCN_H 1
| /* end confdefs.h.  */
| #include <ac_nonexistent.h>
configure:5761: result: g++ -E
configure:5790: g++ -E  conftest.cpp
configure:5796: $? = 0
configure:5827: g++ -E  conftest.cpp
conftest.cpp:24:10: fatal error: ac_nonexistent.h: No such file or directory
 #include <ac_nonexistent.h>
          ^~~~~~~~~~~~~~~~~~
compilation terminated.
configure:5833: $? = 1
configure: failed program was:
| /* confdefs.h.  */
| #define PACKAGE_NAME ""
| #define PACKAGE_TARNAME ""
| #define PACKAGE_VERSION ""
| #define PACKAGE_STRING ""
| #define PACKAGE_BUGREPORT ""
| #define GENERIC_MAJOR_VERSION 1
| #define GENERIC_MINOR_VERSION 2
| #define GENERIC_MICRO_VERSION 4
| #define PACKAGE "GTL"
| #define VERSION "1.2.4"
| #define STDC_HEADERS 1
| #define HAVE_SYS_TYPES_H 1
| #define HAVE_SYS_STAT_H 1
| #define HAVE_STDLIB_H 1
| #define HAVE_STRING_H 1
| #define HAVE_MEMORY_H 1
| #define HAVE_STRINGS_H 1
| #define HAVE_INTTYPES_H 1
| #define HAVE_STDINT_H 1
| #define HAVE_UNISTD_H 1
| #define HAVE_DLFCN_H 1
| /* end confdefs.h.  */
| #include <ac_nonexistent.h>
configure:5926: checking for g77
configure:5956: result: no
configure:5926: checking for xlf
configure:5956: result: no
configure:5926: checking for f77
configure:5942: found /usr/bin/f77
configure:5953: result: f77
configure:5983: checking for Fortran 77 compiler version
configure:5990: f77 --version >&5
GNU Fortran (Ubuntu 7.4.0-1ubuntu1~18.04.1) 7.4.0
Copyright (C) 2017 Free Software Foundation, Inc.
This is free software; see the source for copying conditions.  There is NO
warranty; not even for MERCHANTABILITY or FITNESS FOR A PARTICULAR PURPOSE.

configure:5993: $? = 0
configure:6000: f77 -v >&5
Using built-in specs.
COLLECT_GCC=f77
COLLECT_LTO_WRAPPER=/usr/lib/gcc/x86_64-linux-gnu/7/lto-wrapper
OFFLOAD_TARGET_NAMES=nvptx-none
OFFLOAD_TARGET_DEFAULT=1
Target: x86_64-linux-gnu
Configured with: ../src/configure -v --with-pkgversion='Ubuntu 7.4.0-1ubuntu1~18.04.1' --with-bugurl=file:///usr/share/doc/gcc-7/README.Bugs --enable-languages=c,ada,c++,go,brig,d,fortran,objc,obj-c++ --prefix=/usr --with-gcc-major-version-only --program-suffix=-7 --program-prefix=x86_64-linux-gnu- --enable-shared --enable-linker-build-id --libexecdir=/usr/lib --without-included-gettext --enable-threads=posix --libdir=/usr/lib --enable-nls --with-sysroot=/ --enable-clocale=gnu --enable-libstdcxx-debug --enable-libstdcxx-time=yes --with-default-libstdcxx-abi=new --enable-gnu-unique-object --disable-vtable-verify --enable-libmpx --enable-plugin --enable-default-pie --with-system-zlib --with-target-system-zlib --enable-objc-gc=auto --enable-multiarch --disable-werror --with-arch-32=i686 --with-abi=m64 --with-multilib-list=m32,m64,mx32 --enable-multilib --with-tune=generic --enable-offload-targets=nvptx-none --without-cuda-driver --enable-checking=release --build=x86_64-linux-gnu --host=x86_64-linux-gnu --target=x86_64-linux-gnu
Thread model: posix
gcc version 7.4.0 (Ubuntu 7.4.0-1ubuntu1~18.04.1) 
configure:6003: $? = 0
configure:6010: f77 -V >&5
f77: error: unrecognized command line option '-V'
f77: fatal error: no input files
compilation terminated.
configure:6013: $? = 1
configure:6021: checking whether we are using the GNU Fortran 77 compiler
configure:6040: f77 -c  conftest.F >&5
configure:6046: $? = 0
configure:6063: result: yes
configure:6069: checking whether f77 accepts -g
configure:6086: f77 -c -g conftest.f >&5
configure:6092: $? = 0
configure:6108: result: yes
configure:6138: checking the maximum length of command line arguments
configure:6250: result: 1572864
configure:6262: checking command to parse /usr/bin/nm -B output from gcc object
configure:6367: g++ -c -g -O2  conftest.cpp >&5
configure:6370: $? = 0
configure:6374: /usr/bin/nm -B conftest.o \| sed -n -e 's/^.*[ 	]\([ABCDGIRSTW][ABCDGIRSTW]*\)[ 	][ 	]*\([_A-Za-z][_A-Za-z0-9]*\)$/\1 \2 \2/p' \> conftest.nm
configure:6377: $? = 0
configure:6429: g++ -o conftest -g -O2   conftest.cpp conftstm.o >&5
configure:6432: $? = 0
configure:6470: result: ok
configure:6474: checking for objdir
configure:6489: result: .libs
configure:6581: checking for ar
configure:6597: found /usr/bin/ar
configure:6608: result: ar
configure:6677: checking for ranlib
configure:6693: found /usr/bin/ranlib
configure:6704: result: ranlib
configure:6773: checking for strip
configure:6789: found /usr/bin/strip
configure:6800: result: strip
configure:7086: checking if gcc supports -fno-rtti -fno-exceptions
configure:7104: gcc -c -g -O2  -fno-rtti -fno-exceptions conftest.c >&5
cc1: warning: command line option '-fno-rtti' is valid for C++/ObjC++ but not for C
configure:7108: $? = 0
configure:7121: result: no
configure:7136: checking for gcc option to produce PIC
configure:7368: result: -fPIC
configure:7376: checking if gcc PIC flag -fPIC works
configure:7394: gcc -c -g -O2  -fPIC -DPIC conftest.c >&5
configure:7398: $? = 0
configure:7411: result: yes
configure:7439: checking if gcc static flag -static works
configure:7467: result: yes
configure:7477: checking if gcc supports -c -o file.o
configure:7498: gcc -c -g -O2  -o out/conftest2.o conftest.c >&5
configure:7502: $? = 0
configure:7524: result: yes
configure:7550: checking whether the gcc linker (/usr/bin/ld -m elf_x86_64) supports shared libraries
configure:8530: result: yes
configure:8551: checking whether -lc should be explicitly linked in
configure:8556: gcc -c -g -O2  conftest.c >&5
configure:8559: $? = 0
configure:8574: gcc -shared conftest.o  -v -Wl,-soname -Wl,conftest -o conftest 2\>\&1 \| grep  -lc  \>/dev/null 2\>\&1
configure:8577: $? = 0
configure:8589: result: no
configure:8597: checking dynamic linker characteristics
configure:9199: result: GNU/Linux ld.so
configure:9208: checking how to hardcode library paths into programs
configure:9233: result: immediate
configure:9247: checking whether stripping libraries is possible
configure:9252: result: yes
configure:10054: checking if libtool supports shared libraries
configure:10056: result: yes
configure:10059: checking whether to build shared libraries
configure:10080: result: yes
configure:10083: checking whether to build static libraries
configure:10087: result: no
configure:10180: creating libtool
configure:10768: checking for ld used by g++
configure:10835: result: /usr/bin/ld -m elf_x86_64
configure:10844: checking if the linker (/usr/bin/ld -m elf_x86_64) is GNU ld
configure:10859: result: yes
configure:10910: checking whether the g++ linker (/usr/bin/ld -m elf_x86_64) supports shared libraries
configure:11884: result: yes
configure:11902: g++ -c -g -O2  conftest.cpp >&5
configure:11905: $? = 0
configure:12057: checking for g++ option to produce PIC
configure:12341: result: -fPIC
configure:12349: checking if g++ PIC flag -fPIC works
configure:12367: g++ -c -g -O2  -fPIC -DPIC conftest.cpp >&5
configure:12371: $? = 0
configure:12384: result: yes
configure:12412: checking if g++ static flag -static works
configure:12440: result: yes
configure:12450: checking if g++ supports -c -o file.o
configure:12471: g++ -c -g -O2  -o out/conftest2.o conftest.cpp >&5
configure:12475: $? = 0
configure:12497: result: yes
configure:12523: checking whether the g++ linker (/usr/bin/ld -m elf_x86_64) supports shared libraries
configure:12548: result: yes
configure:12615: checking dynamic linker characteristics
configure:13165: result: GNU/Linux ld.so
configure:13174: checking how to hardcode library paths into programs
configure:13199: result: immediate
configure:13733: checking if libtool supports shared libraries
configure:13735: result: yes
configure:13738: checking whether to build shared libraries
configure:13758: result: yes
configure:13761: checking whether to build static libraries
configure:13765: result: no
configure:13775: checking for f77 option to produce PIC
configure:14007: result: -fPIC
configure:14015: checking if f77 PIC flag -fPIC works
configure:14033: f77 -c -g -O2 -fPIC conftest.f >&5
configure:14037: $? = 0
configure:14050: result: yes
configure:14078: checking if f77 static flag -static works
configure:14106: result: yes
configure:14116: checking if f77 supports -c -o file.o
configure:14137: f77 -c -g -O2 -o out/conftest2.o conftest.f >&5
configure:14141: $? = 0
configure:14163: result: yes
configure:14189: checking whether the f77 linker (/usr/bin/ld -m elf_x86_64) supports shared libraries
configure:15149: result: yes
configure:15216: checking dynamic linker characteristics
configure:15766: result: GNU/Linux ld.so
configure:15775: checking how to hardcode library paths into programs
configure:15800: result: immediate
configure:19381: checking for doxygen
configure:19411: result: no
configure:19582: creating ./config.status

## ---------------------- ##
## Running config.status. ##
## ---------------------- ##

This file was extended by config.status, which was
generated by GNU Autoconf 2.61.  Invocation command line was

  CONFIG_FILES    = 
  CONFIG_HEADERS  = 
  CONFIG_LINKS    = 
  CONFIG_COMMANDS = 
  $ ./config.status 

on witold-Lenovo-ideapad-330-15ICH

config.status:657: creating doc/Makefile
config.status:657: creating doc/userguide/Makefile
config.status:657: creating include/GTL/Makefile
config.status:657: creating include/GTL/version.h
config.status:657: creating include/Makefile
config.status:657: creating Makefile
config.status:657: creating src/Makefile
config.status:657: creating tests/Makefile
config.status:848: executing depfiles commands

## ---------------- ##
## Cache variables. ##
## ---------------- ##

ac_cv_build=x86_64-unknown-linux-gnu
ac_cv_c_compiler_gnu=yes
ac_cv_cxx_compiler_gnu=yes
ac_cv_env_CCC_set=
ac_cv_env_CCC_value=
ac_cv_env_CC_set=
ac_cv_env_CC_value=
ac_cv_env_CFLAGS_set=
ac_cv_env_CFLAGS_value=
ac_cv_env_CPPFLAGS_set=
ac_cv_env_CPPFLAGS_value=
ac_cv_env_CPP_set=
ac_cv_env_CPP_value=
ac_cv_env_CXXCPP_set=
ac_cv_env_CXXCPP_value=
ac_cv_env_CXXFLAGS_set=
ac_cv_env_CXXFLAGS_value=
ac_cv_env_CXX_set=
ac_cv_env_CXX_value=
ac_cv_env_F77_set=
ac_cv_env_F77_value=
ac_cv_env_FFLAGS_set=
ac_cv_env_FFLAGS_value=
ac_cv_env_LDFLAGS_set=
ac_cv_env_LDFLAGS_value=
ac_cv_env_LIBS_set=
ac_cv_env_LIBS_value=
ac_cv_env_build_alias_set=
ac_cv_env_build_alias_value=
ac_cv_env_host_alias_set=
ac_cv_env_host_alias_value=
ac_cv_env_target_alias_set=
ac_cv_env_target_alias_value=
ac_cv_f77_compiler_gnu=yes
ac_cv_header_dlfcn_h=yes
ac_cv_header_inttypes_h=yes
ac_cv_header_memory_h=yes
ac_cv_header_stdc=yes
ac_cv_header_stdint_h=yes
ac_cv_header_stdlib_h=yes
ac_cv_header_string_h=yes
ac_cv_header_strings_h=yes
ac_cv_header_sys_stat_h=yes
ac_cv_header_sys_types_h=yes
ac_cv_header_unistd_h=yes
ac_cv_host=x86_64-unknown-linux-gnu
ac_cv_objext=o
ac_cv_path_EGREP='/bin/grep -E'
ac_cv_path_GREP=/bin/grep
ac_cv_path_install='/usr/bin/install -c'
ac_cv_path_mkdir=/bin/mkdir
ac_cv_prog_AWK=mawk
ac_cv_prog_CPP='gcc -E'
ac_cv_prog_CXXCPP='g++ -E'
ac_cv_prog_ac_ct_AR=ar
ac_cv_prog_ac_ct_CC=gcc
ac_cv_prog_ac_ct_CXX=g++
ac_cv_prog_ac_ct_F77=f77
ac_cv_prog_ac_ct_RANLIB=ranlib
ac_cv_prog_ac_ct_STRIP=strip
ac_cv_prog_cc_c89=
ac_cv_prog_cc_g=yes
ac_cv_prog_cxx_g=yes
ac_cv_prog_f77_g=yes
ac_cv_prog_make_make_set=yes
am_cv_CC_dependencies_compiler_type=gcc3
am_cv_CXX_dependencies_compiler_type=gcc3
lt_cv_deplibs_check_method=pass_all
lt_cv_file_magic_cmd='$MAGIC_CMD'
lt_cv_file_magic_test_file=
lt_cv_ld_reload_flag=-r
lt_cv_objdir=.libs
lt_cv_path_LD=/usr/bin/ld
lt_cv_path_LDCXX='/usr/bin/ld -m elf_x86_64'
lt_cv_path_NM='/usr/bin/nm -B'
lt_cv_path_SED=/bin/sed
lt_cv_prog_compiler_c_o=yes
lt_cv_prog_compiler_c_o_CXX=yes
lt_cv_prog_compiler_c_o_F77=yes
lt_cv_prog_compiler_rtti_exceptions=no
lt_cv_prog_gnu_ld=yes
lt_cv_prog_gnu_ldcxx=yes
lt_cv_sys_global_symbol_pipe='sed -n -e '\''s/^.*[ 	]\([ABCDGIRSTW][ABCDGIRSTW]*\)[ 	][ 	]*\([_A-Za-z][_A-Za-z0-9]*\)$/\1 \2 \2/p'\'''
lt_cv_sys_global_symbol_to_c_name_address='sed -n -e '\''s/^: \([^ ]*\) $/  {\"\1\", (lt_ptr) 0},/p'\'' -e '\''s/^[BCDEGRST] \([^ ]*\) \([^ ]*\)$/  {"\2", (lt_ptr) \&\2},/p'\'''
lt_cv_sys_global_symbol_to_cdecl='sed -n -e '\''s/^. .* \(.*\)$/extern int \1;/p'\'''
lt_cv_sys_max_cmd_len=1572864
lt_lt_cv_prog_compiler_c_o='"yes"'
lt_lt_cv_prog_compiler_c_o_CXX='"yes"'
lt_lt_cv_prog_compiler_c_o_F77='"yes"'
lt_lt_cv_sys_global_symbol_pipe='"sed -n -e '\''s/^.*[ 	]\\([ABCDGIRSTW][ABCDGIRSTW]*\\)[ 	][ 	]*\\([_A-Za-z][_A-Za-z0-9]*\\)\$/\\1 \\2 \\2/p'\''"'
lt_lt_cv_sys_global_symbol_to_c_name_address='"sed -n -e '\''s/^: \\([^ ]*\\) \$/  {\\\"\\1\\\", (lt_ptr) 0},/p'\'' -e '\''s/^[BCDEGRST] \\([^ ]*\\) \\([^ ]*\\)\$/  {\"\\2\", (lt_ptr) \\&\\2},/p'\''"'
lt_lt_cv_sys_global_symbol_to_cdecl='"sed -n -e '\''s/^. .* \\(.*\\)\$/extern int \\1;/p'\''"'

## ----------------- ##
## Output variables. ##
## ----------------- ##

ACLOCAL='${SHELL} /home/witold/Bureau/TME-M2-BIM/PHYG/PHYG_TME4/files/treePack/GTL-1.2.4/config/missing --run aclocal-1.10'
AMDEPBACKSLASH='\'
AMDEP_FALSE='#'
AMDEP_TRUE=''
AMTAR='${SHELL} /home/witold/Bureau/TME-M2-BIM/PHYG/PHYG_TME4/files/treePack/GTL-1.2.4/config/missing --run tar'
AR='ar'
AUTOCONF='${SHELL} /home/witold/Bureau/TME-M2-BIM/PHYG/PHYG_TME4/files/treePack/GTL-1.2.4/config/missing --run autoconf'
AUTOHEADER='${SHELL} /home/witold/Bureau/TME-M2-BIM/PHYG/PHYG_TME4/files/treePack/GTL-1.2.4/config/missing --run autoheader'
AUTOMAKE='${SHELL} /home/witold/Bureau/TME-M2-BIM/PHYG/PHYG_TME4/files/treePack/GTL-1.2.4/config/missing --run automake-1.10'
AWK='mawk'
CC='gcc'
CCDEPMODE='depmode=gcc3'
CFLAGS='-g -O2'
CPP='gcc -E'
CPPFLAGS=''
CXX='g++'
CXXCPP='g++ -E'
CXXDEPMODE='depmode=gcc3'
CXXFLAGS='-g -O2'
CYGPATH_W='echo'
DEFS='-DPACKAGE_NAME=\"\" -DPACKAGE_TARNAME=\"\" -DPACKAGE_VERSION=\"\" -DPACKAGE_STRING=\"\" -DPACKAGE_BUGREPORT=\"\" -DGENERIC_MAJOR_VERSION=1 -DGENERIC_MINOR_VERSION=2 -DGENERIC_MICRO_VERSION=4 -DPACKAGE=\"GTL\" -DVERSION=\"1.2.4\" -DSTDC_HEADERS=1 -DHAVE_SYS_TYPES_H=1 -DHAVE_SYS_STAT_H=1 -DHAVE_STDLIB_H=1 -DHAVE_STRING_H=1 -DHAVE_MEMORY_H=1 -DHAVE_STRINGS_H=1 -DHAVE_INTTYPES_H=1 -DHAVE_STDINT_H=1 -DHAVE_UNISTD_H=1 -DHAVE_DLFCN_H=1'
DEPDIR='.deps'
ECHO='echo'
ECHO_C=''
ECHO_N='-n'
ECHO_T=''
EGREP='/bin/grep -E'
EXEEXT=''
F77='f77'
FFLAGS='-g -O2'
GENERIC_LIBRARY_NAME='GTL'
GENERIC_LIBRARY_VERSION='3:4:2'
GENERIC_RELEASE='1.2'
GENERIC_VERSION='1.2.4'
GREP='/bin/grep'
INSTALL_DATA='${INSTALL} -m 644'
INSTALL_PROGRAM='${INSTALL}'
INSTALL_SCRIPT='${INSTALL}'
INSTALL_STRIP_PROGRAM='$(install_sh) -c -s'
LDFLAGS=''
LIBOBJS=''
LIBS=''
LIBTOOL='$(SHELL) $(top_builddir)/libtool --silent'
LN_S='ln -s'
LTLIBOBJS=''
MAKEINFO='${SHELL} /home/witold/Bureau/TME-M2-BIM/PHYG/PHYG_TME4/files/treePack/GTL-1.2.4/config/missing --run makeinfo'
OBJEXT='o'
PACKAGE='GTL'
PACKAGE_BUGREPORT=''
PACKAGE_NAME=''
PACKAGE_STRING=''
PACKAGE_TARNAME=''
PACKAGE_VERSION=''
PATH_SEPARATOR=':'
RANLIB='ranlib'
SED='/bin/sed'
SET_MAKE=''
SHELL='/bin/bash'
STRIP='strip'
VERSION='1.2.4'
ac_ct_CC='gcc'
ac_ct_CXX='g++'
ac_ct_F77='f77'
am__fastdepCC_FALSE='#'
am__fastdepCC_TRUE=''
am__fastdepCXX_FALSE='#'
am__fastdepCXX_TRUE=''
am__include='include'
am__isrc=''
am__leading_dot='.'
am__quote=''
am__tar='${AMTAR} chof - "$$tardir"'
am__untar='${AMTAR} xf -'
bindir='${exec_prefix}/bin'
build='x86_64-unknown-linux-gnu'
build_alias=''
build_cpu='x86_64'
build_os='linux-gnu'
build_vendor='unknown'
datadir='${datarootdir}'
datarootdir='${prefix}/share'
docdir='${datarootdir}/doc/${PACKAGE}'
doxygen=''
dvidir='${docdir}'
exec_prefix='${prefix}'
host='x86_64-unknown-linux-gnu'
host_alias=''
host_cpu='x86_64'
host_os='linux-gnu'
host_vendor='unknown'
htmldir='${docdir}'
includedir='${prefix}/include'
infodir='${datarootdir}/info'
install_sh='$(SHELL) /home/witold/Bureau/TME-M2-BIM/PHYG/PHYG_TME4/files/treePack/GTL-1.2.4/config/install-sh'
libdir='${exec_prefix}/lib'
libexecdir='${exec_prefix}/libexec'
localedir='${datarootdir}/locale'
localstatedir='${prefix}/var'
mandir='${datarootdir}/man'
mkdir_p='/bin/mkdir -p'
oldincludedir='/usr/include'
pdfdir='${docdir}'
prefix='/home/witold/GTL/'
program_transform_name='s,x,x,'
psdir='${docdir}'
sbindir='${exec_prefix}/sbin'
sharedstatedir='${prefix}/com'
sysconfdir='${prefix}/etc'
target_alias=''

## ----------- ##
## confdefs.h. ##
## ----------- ##

#define PACKAGE_NAME ""
#define PACKAGE_TARNAME ""
#define PACKAGE_VERSION ""
#define PACKAGE_STRING ""
#define PACKAGE_BUGREPORT ""
#define GENERIC_MAJOR_VERSION 1
#define GENERIC_MINOR_VERSION 2
#define GENERIC_MICRO_VERSION 4
#define PACKAGE "GTL"
#define VERSION "1.2.4"
#define STDC_HEADERS 1
#define HAVE_SYS_TYPES_H 1
#define HAVE_SYS_STAT_H 1
#define HAVE_STDLIB_H 1
#define HAVE_STRING_H 1
#define HAVE_MEMORY_H 1
#define HAVE_STRINGS_H 1
#define HAVE_INTTYPES_H 1
#define HAVE_STDINT_H 1
#define HAVE_UNISTD_H 1
#define HAVE_DLFCN_H 1

configure: exit 0
